This is XeTeX, Version 3.141592653-2.6-0.999997 (TeX Live 2025) (preloaded format=xelatex 2025.7.13)  17 JUL 2025 18:25
entering extended mode
 restricted \write18 enabled.
 %&-line parsing enabled.
**/app/data/planificateur_3APIC_S1_CH1_20250717192534.tex
(/app/data/planificateur_3APIC_S1_CH1_20250717192534.tex
LaTeX2e <2025-06-01> patch level 1
L3 programming layer <2025-07-11>

! LaTeX Error: There's no line here to end.

See the LaTeX manual or LaTeX Companion for explanation.
Type  H <return>  for immediate help.
 ...                                              
                                                  
l.1 \\d
       ocumentclass[11pt,a4paper,landscape]{article}
? 
! Emergency stop.
 ...                                              
                                                  
l.1 \\d
       ocumentclass[11pt,a4paper,landscape]{article}
Your command was ignored.
Type  I <command> <return>  to replace it with another command,
or  <return>  to continue without it.

 
Here is how much of TeX's memory you used:
 15 strings out of 468457
 568 string characters out of 5445913
 419657 words of memory out of 5000000
 28554 multiletter control sequences out of 15000+600000
 626825 words of font info for 40 fonts, out of 8000000 for 9000
 1348 hyphenation exceptions out of 8191
 11i,0n,13p,135b,14s stack positions out of 10000i,1000n,20000p,200000b,200000s
No pages of output.
